\BOOKMARK [1][-]{section*.5}{\376\377\004\022\004\022\004\025\004\024\004\025\004\035\004\030\004\025}{}% 1
\BOOKMARK [1][-]{section.1}{\376\377\004\020\004\075\004\060\004\073\004\070\004\067\000\040\004\077\004\100\004\065\004\064\004\074\004\065\004\102\004\075\004\076\004\071\000\040\004\076\004\061\004\073\004\060\004\101\004\102\004\070}{}% 2
\BOOKMARK [2][-]{subsection.1.1}{\376\377\004\030\004\101\004\102\004\076\004\100\004\070\004\117\000\040\004\070\004\063\004\100\000\040\004\066\004\060\004\075\004\100\004\060\000\040\004\077\004\073\004\060\004\102\004\104\004\076\004\100\004\074\004\065\004\100\000\040}{section.1}% 3
\BOOKMARK [2][-]{subsection.1.2}{\376\377\004\030\004\063\004\100\004\060\000\040\000M\000o\000n\000t\000e\000z\000u\000m\000a\000'\000s\000\040\000R\000e\000v\000e\000n\000g\000e\000\040}{section.1}% 4
\BOOKMARK [1][-]{section.2}{\376\377\004\042\004\065\004\105\004\075\004\070\004\107\004\065\004\101\004\072\004\076\004\065\000\040\004\067\004\060\004\064\004\060\004\075\004\070\004\065}{}% 5
\BOOKMARK [2][-]{subsection.2.1}{\376\377\004\036\004\101\004\075\004\076\004\062\004\060\004\075\004\070\004\065\000\040\004\064\004\073\004\117\000\040\004\100\004\060\004\067\004\100\004\060\004\061\004\076\004\102\004\072\004\070}{section.2}% 6
\BOOKMARK [2][-]{subsection.2.2}{\376\377\004\046\004\065\004\073\004\114\000\040\004\070\000\040\004\075\004\060\004\067\004\075\004\060\004\107\004\065\004\075\004\070\004\065\000\040\004\100\004\060\004\067\004\100\004\060\004\061\004\076\004\102\004\072\004\070}{section.2}% 7
\BOOKMARK [2][-]{subsection.2.3}{\376\377\004\042\004\100\004\065\004\061\004\076\004\062\004\060\004\075\004\070\004\117\000\040\004\072\000\040\004\070\004\063\004\100\004\065}{section.2}% 8
\BOOKMARK [2][-]{subsection.2.4}{\376\377\004\042\004\100\004\065\004\061\004\076\004\062\004\060\004\075\004\070\004\117\000\040\004\077\004\076\004\073\004\114\004\067\004\076\004\062\004\060\004\102\004\065\004\073\004\117\000\040\004\072\000\040\004\070\004\075\004\102\004\065\004\100\004\104\004\065\004\071\004\101\004\103\000\040\004\070\004\063\004\100\004\113}{section.2}% 9
\BOOKMARK [2][-]{subsection.2.5}{\376\377\004\034\004\076\004\064\004\065\004\073\004\070\004\100\004\076\004\062\004\060\004\075\004\070\004\065\000\040\004\062\004\060\004\100\004\070\004\060\004\075\004\102\004\076\004\062\000\040\004\070\004\101\004\077\004\076\004\073\004\114\004\067\004\076\004\062\004\060\004\075\004\070\004\117}{section.2}% 10
\BOOKMARK [2][-]{subsection.2.6}{\376\377\004\042\004\100\004\065\004\061\004\076\004\062\004\060\004\075\004\070\004\117\000\040\004\072\000\040\004\076\004\104\004\076\004\100\004\074\004\073\004\065\004\075\004\070\004\116\000\040\004\064\004\076\004\072\004\103\004\074\004\065\004\075\004\102\004\060\004\106\004\070\004\070}{section.2}% 11
\BOOKMARK [1][-]{section.3}{\376\377\004\042\004\065\004\105\004\075\004\070\004\107\004\065\004\101\004\072\004\070\004\071\000\040\004\077\004\100\004\076\004\065\004\072\004\102}{}% 12
\BOOKMARK [2][-]{subsection.3.1}{\376\377\004\042\004\065\004\105\004\075\004\070\004\107\004\065\004\101\004\072\004\070\004\065\000\040\004\064\004\065\004\102\004\060\004\073\004\070}{section.3}% 13
\BOOKMARK [2][-]{subsection.3.2}{\376\377\004\041\004\102\004\100\004\103\004\072\004\102\004\103\004\100\004\060\000\040\004\077\004\100\004\076\004\065\004\072\004\102\004\060}{section.3}% 14
\BOOKMARK [1][-]{section.4}{\376\377\004\040\004\060\004\061\004\076\004\107\004\070\004\071\000\040\004\077\004\100\004\076\004\065\004\072\004\102}{}% 15
\BOOKMARK [2][-]{subsection.4.1}{\376\377\004\032\004\073\004\060\004\101\004\101\004\113\000,\000\040\004\070\004\101\004\077\004\076\004\073\004\114\004\067\004\103\004\065\004\074\004\113\004\065\000\040\004\077\004\100\004\070\000\040\004\100\004\060\004\067\004\100\004\060\004\061\004\076\004\102\004\072\004\065\000\040\004\101\004\060\004\071\004\102\004\060}{section.4}% 16
\BOOKMARK [2][-]{subsection.4.2}{\376\377\004\034\004\076\004\064\004\103\004\073\004\114\004\075\004\076\004\065\000\040\004\102\004\065\004\101\004\102\004\070\004\100\004\076\004\062\004\060\004\075\004\070\004\065\000\040\004\100\004\060\004\067\004\100\004\060\004\061\004\076\004\102\004\060\004\075\004\075\004\076\004\063\004\076\000\040\000w\000e\000b\000-\004\101\004\060\004\071\004\102\004\060}{section.4}% 17
\BOOKMARK [2][-]{subsection.4.3}{\376\377\004\041\004\070\004\101\004\102\004\065\004\074\004\075\004\076\004\065\000\040\004\102\004\065\004\101\004\102\004\070\004\100\004\076\004\062\004\060\004\075\004\070\004\065\000\040\004\100\004\060\004\067\004\100\004\060\004\061\004\076\004\102\004\060\004\075\004\075\004\076\004\063\004\076\000\040\000w\000e\000b\000-\004\101\004\060\004\071\004\102\004\060}{section.4}% 18
\BOOKMARK [1][-]{section*.15}{\376\377\004\027\004\020\004\032\004\033\004\056\004\047\004\025\004\035\004\030\004\025}{}% 19
\BOOKMARK [1][-]{Item.15}{\376\377\004\041\004\037\004\030\004\041\004\036\004\032\000\040\004\030\004\041\004\037\004\036\004\033\004\054\004\027\004\036\004\022\004\020\004\035\004\035\004\053\004\045\000\040\004\030\004\041\004\042\004\036\004\047\004\035\004\030\004\032\004\036\004\022}{}% 20
\BOOKMARK [1][-]{section*.17}{\376\377\004\037\004\040\004\030\004\033\004\036\004\026\004\025\004\035\004\030\004\025\000\040\004\020\000\040\004\044\004\100\004\060\004\063\004\074\004\065\004\075\004\102\004\113\000\040\004\070\004\101\004\105\004\076\004\064\004\075\004\076\004\063\004\076\000\040\004\072\004\076\004\064\004\060\000\040\004\077\004\100\004\076\004\063\004\100\004\060\004\074\004\074\004\113}{}% 21
